<?xml version="1.0" encoding="UTF-8"?>
<!-- Generated by org.testng.reporters.JUnitXMLReporter -->
<testsuite hostname="Sofiya-PC" ignored="2" name="Default test" tests="1" failures="0" timestamp="2020-04-08T13:00:15 IST" time="34.575" errors="0">
  <testcase name="verifyContactsLinkTest" time="2.277" classname="com.crm.qa.testdata.HomePageTest"/>
  <testcase name="verifyUserNameTest" time="0.0" classname="com.crm.qa.testdata.HomePageTest">
    <ignored/>
  </testcase> <!-- verifyUserNameTest -->
  <testcase name="verifyHomePageTitleTest" time="0.0" classname="com.crm.qa.testdata.HomePageTest">
    <ignored/>
  </testcase> <!-- verifyHomePageTitleTest -->
</testsuite> <!-- Default test -->
