<?xml version="1.0" encoding="UTF-8"?>
<!-- Generated by org.testng.reporters.JUnitXMLReporter -->
<testsuite hostname="Sofiya-PC" ignored="0" name="Default test" tests="3" failures="0" timestamp="2020-04-07T21:31:07 IST" time="46.009" errors="0">
  <testcase name="loginPageTitleTest" time="0.355" classname="com.crm.qa.testdata.LoginPageTest"/>
  <testcase name="crmLogoImageTest" time="0.557" classname="com.crm.qa.testdata.LoginPageTest"/>
  <testcase name="loginTest" time="17.158" classname="com.crm.qa.testdata.LoginPageTest"/>
</testsuite> <!-- Default test -->
