<?xml version="1.0" encoding="UTF-8"?>
<!-- Generated by org.testng.reporters.JUnitXMLReporter -->
<testsuite hostname="Sofiya-PC" ignored="0" name="FREE CRM App Test" tests="9" failures="0" timestamp="2020-04-09T16:11:25 IST" time="327.226" errors="0">
  <testcase name="loginPageTitleTest" time="0.41" classname="com.crm.qa.testdata.LoginPageTest"/>
  <testcase name="crmLogoImageTest" time="0.501" classname="com.crm.qa.testdata.LoginPageTest"/>
  <testcase name="loginTest" time="17.141" classname="com.crm.qa.testdata.LoginPageTest"/>
  <testcase name="verifyHomePageTitleTest" time="0.008" classname="com.crm.qa.testdata.HomePageTest"/>
  <testcase name="verifyUserNameTest" time="1.686" classname="com.crm.qa.testdata.HomePageTest"/>
  <testcase name="verifyContactsLinkTest" time="1.731" classname="com.crm.qa.testdata.HomePageTest"/>
  <testcase name="validateCreateNewContact" time="19.72" classname="com.crm.qa.testdata.ContactsPageTest"/>
  <testcase name="validateCreateNewContact" time="24.042" classname="com.crm.qa.testdata.ContactsPageTest"/>
  <testcase name="validateCreateNewContact" time="21.167" classname="com.crm.qa.testdata.ContactsPageTest"/>
</testsuite> <!-- FREE CRM App Test -->
