<?xml version="1.0" encoding="UTF-8"?>
<!-- Generated by org.testng.reporters.JUnitXMLReporter -->
<testsuite hostname="Sofiya-PC" ignored="0" name="FREE CRM App Test" tests="3" failures="0" timestamp="2020-04-09T17:07:24 IST" time="48.778" errors="0">
  <testcase name="loginPageTitleTest" time="0.271" classname="com.crm.qa.testdata.LoginPageTest"/>
  <testcase name="crmLogoImageTest" time="0.69" classname="com.crm.qa.testdata.LoginPageTest"/>
  <testcase name="loginTest" time="16.755" classname="com.crm.qa.testdata.LoginPageTest"/>
</testsuite> <!-- FREE CRM App Test -->
